[12:54:57] Using gulpfile /home/rails/boxfree-admin/admin/gulpfile.js
[12:54:57] Starting 'wiredep'...
[12:54:57] Finished 'wiredep' after 214 ms
[12:54:57] Starting 'styles'...
[12:54:58] Starting 'fonts'...
[12:55:01] Finished 'styles' after 3.62 s
[12:55:01] Starting 'connect'...
[12:55:01] Finished 'connect' after 44 ms
[12:55:01] Starting 'watch'...
[12:55:01] Finished 'watch' after 292 ms
Started connect web server on http://localhost:9001
[12:55:01] Finished 'fonts' after 2.94 s
[12:55:01] Starting 'serve'...
[12:55:01] Finished 'serve' after 23 μs
[17:50:16] Using gulpfile /home/rails/boxfree-admin/admin/gulpfile.js
[17:50:16] Starting 'wiredep'...
[17:50:16] Finished 'wiredep' after 175 ms
[17:50:16] Starting 'styles'...
[17:50:17] Starting 'fonts'...
[17:50:19] Finished 'styles' after 3.18 s
[17:50:19] Starting 'connect'...
[17:50:19] Finished 'connect' after 40 ms
[17:50:19] Starting 'watch'...
[17:50:23] Using gulpfile /home/rails/boxfree-admin/admin/gulpfile.js
[17:50:23] Starting 'wiredep'...
[17:50:24] Finished 'wiredep' after 152 ms
[17:50:24] Starting 'styles'...
[17:50:24] Starting 'fonts'...
[17:50:26] Finished 'styles' after 2.77 s
[17:50:26] Starting 'connect'...
[17:50:26] Finished 'connect' after 36 ms
[17:50:26] Starting 'watch'...
[17:50:27] Finished 'watch' after 281 ms
Started connect web server on http://localhost:9001
[17:50:27] Finished 'fonts' after 2.46 s
[17:50:27] Starting 'serve'...
[17:50:27] Finished 'serve' after 20 μs
[33mStarting up http-server, serving [39m[36m./[39m[33m
Available on:[39m
[32m  http://127.0.0.1:8080[39m
[32m  http://104.131.24.176:8080[39m
[32m  http://10.17.0.7:8080[39m
[32m  http://10.132.12.178:8080[39m
Hit CTRL-C to stop the server
[Wed May 25 2016 10:06:01 GMT-0400 (EDT)] "[36mGET[39m [36m/[39m" "Mozilla/5.0 (Windows NT 10.0; WOW64) AppleWebKit/537.36 (KHTML, like Gecko) Chrome/50.0.2661.102 Safari/537.36"
[31mhttp-server stopped.[39m
