0 info it worked if it ends with ok
1 verbose cli [ '/usr/bin/nodejs', '/usr/bin/npm', 'i', '-g', 'bower' ]
2 info using npm@3.5.2
3 info using node@v4.2.6
4 silly loadCurrentTree Starting
5 silly install loadCurrentTree
6 silly install readGlobalPackageData
7 silly fetchPackageMetaData bower
8 silly fetchNamedPackageData bower
9 silly mapToRegistry name bower
10 silly mapToRegistry using default registry
11 silly mapToRegistry registry https://registry.npmjs.org/
12 silly mapToRegistry uri https://registry.npmjs.org/bower
13 verbose request uri https://registry.npmjs.org/bower
14 verbose request no auth needed
15 info attempt registry request try #1 at 8:20:30 PM
16 verbose request id 8c3bbc2a01d25065
17 verbose etag W/"591d1a2f-2b09f"
18 verbose lastModified Thu, 18 May 2017 03:51:11 GMT
19 http request GET https://registry.npmjs.org/bower
20 http 200 https://registry.npmjs.org/bower
21 verbose headers { date: 'Mon, 04 Mar 2019 20:20:30 GMT',
21 verbose headers   'content-type': 'application/json',
21 verbose headers   'transfer-encoding': 'chunked',
21 verbose headers   connection: 'keep-alive',
21 verbose headers   'set-cookie': [ '__cfduid=d822d5449bc1a21c550fc5a2a15f185341551730830; expires=Tue, 03-Mar-20 20:20:30 GMT; path=/; domain=.registry.npmjs.org; HttpOnly' ],
21 verbose headers   'cf-cache-status': 'HIT',
21 verbose headers   'cache-control': 'max-age=300',
21 verbose headers   'cf-ray': '4b268d19ee00244a-IAD',
21 verbose headers   etag: 'W/"71888cd2306c54797547fb58b5974b6a"',
21 verbose headers   'expect-ct': 'max-age=604800, report-uri="https://report-uri.cloudflare.com/cdn-cgi/beacon/expect-ct"',
21 verbose headers   'last-modified': 'Thu, 31 Jan 2019 15:30:23 GMT',
21 verbose headers   vary: 'accept-encoding, accept',
21 verbose headers   'x-amz-meta-rev': '1041-ee213f57703279b4cb23066296cd2d0c',
21 verbose headers   server: 'cloudflare',
21 verbose headers   'content-encoding': 'gzip' }
22 silly get cb [ 200,
22 silly get   { date: 'Mon, 04 Mar 2019 20:20:30 GMT',
22 silly get     'content-type': 'application/json',
22 silly get     'transfer-encoding': 'chunked',
22 silly get     connection: 'keep-alive',
22 silly get     'set-cookie': [ '__cfduid=d822d5449bc1a21c550fc5a2a15f185341551730830; expires=Tue, 03-Mar-20 20:20:30 GMT; path=/; domain=.registry.npmjs.org; HttpOnly' ],
22 silly get     'cf-cache-status': 'HIT',
22 silly get     'cache-control': 'max-age=300',
22 silly get     'cf-ray': '4b268d19ee00244a-IAD',
22 silly get     etag: 'W/"71888cd2306c54797547fb58b5974b6a"',
22 silly get     'expect-ct': 'max-age=604800, report-uri="https://report-uri.cloudflare.com/cdn-cgi/beacon/expect-ct"',
22 silly get     'last-modified': 'Thu, 31 Jan 2019 15:30:23 GMT',
22 silly get     vary: 'accept-encoding, accept',
22 silly get     'x-amz-meta-rev': '1041-ee213f57703279b4cb23066296cd2d0c',
22 silly get     server: 'cloudflare',
22 silly get     'content-encoding': 'gzip' } ]
23 verbose get saving bower to /home/rails/.npm/registry.npmjs.org/bower/.cache.json
24 silly install normalizeTree
25 silly loadCurrentTree Finishing
26 silly loadIdealTree Starting
27 silly install loadIdealTree
28 silly cloneCurrentTree Starting
29 silly install cloneCurrentTreeToIdealTree
30 silly cloneCurrentTree Finishing
31 silly loadShrinkwrap Starting
32 silly install loadShrinkwrap
33 silly loadShrinkwrap Finishing
34 silly loadAllDepsIntoIdealTree Starting
35 silly install loadAllDepsIntoIdealTree
36 silly resolveWithNewModule bower@1.8.8 checking installable status
37 silly cache add args [ 'bower', null ]
38 verbose cache add spec bower
39 silly cache add parsed spec Result {
39 silly cache add   raw: 'bower',
39 silly cache add   scope: null,
39 silly cache add   name: 'bower',
39 silly cache add   rawSpec: '',
39 silly cache add   spec: 'latest',
39 silly cache add   type: 'tag' }
40 silly addNamed bower@latest
41 verbose addNamed "latest" is being treated as a dist-tag for bower
42 info addNameTag [ 'bower', 'latest' ]
43 silly mapToRegistry name bower
44 silly mapToRegistry using default registry
45 silly mapToRegistry registry https://registry.npmjs.org/
46 silly mapToRegistry uri https://registry.npmjs.org/bower
47 verbose addNameTag registry:https://registry.npmjs.org/bower not in flight; fetching
48 verbose get https://registry.npmjs.org/bower not expired, no request
49 silly addNameTag next cb for bower with tag latest
50 silly addNamed bower@1.8.8
51 verbose addNamed "1.8.8" is a plain semver version for bower
52 warn deprecated bower@1.8.8: We don't recommend using Bower for new projects. Please consider Yarn and Webpack or Parcel. You can read how to migrate legacy project here: https://bower.io/blog/2017/how-to-migrate-away-from-bower/
53 silly mapToRegistry name bower
54 silly mapToRegistry using default registry
55 silly mapToRegistry registry https://registry.npmjs.org/
56 silly mapToRegistry uri https://registry.npmjs.org/bower
57 verbose addRemoteTarball https://registry.npmjs.org/bower/-/bower-1.8.8.tgz not in flight; adding
58 verbose addRemoteTarball [ 'https://registry.npmjs.org/bower/-/bower-1.8.8.tgz',
58 verbose addRemoteTarball   '82544be34a33aeae7efb8bdf9905247b2cffa985' ]
59 info retry fetch attempt 1 at 8:20:30 PM
60 info attempt registry request try #1 at 8:20:30 PM
61 http fetch GET https://registry.npmjs.org/bower/-/bower-1.8.8.tgz
62 http fetch 200 https://registry.npmjs.org/bower/-/bower-1.8.8.tgz
63 silly fetchAndShaCheck shasum 82544be34a33aeae7efb8bdf9905247b2cffa985
64 verbose addTmpTarball /tmp/npm-694-1d3e75d9/registry.npmjs.org/bower/-/bower-1.8.8.tgz not in flight; adding
65 verbose addTmpTarball already have metadata; skipping unpack for bower@1.8.8
66 silly cache afterAdd bower@1.8.8
67 verbose afterAdd /home/rails/.npm/bower/1.8.8/package/package.json not in flight; writing
68 verbose afterAdd /home/rails/.npm/bower/1.8.8/package/package.json written
69 silly loadAllDepsIntoIdealTree Finishing
70 silly idealTree:prePrune lib
70 silly idealTree:prePrune └── bower@1.8.8
71 silly loadIdealTree Finishing
72 silly currentTree lib
72 silly currentTree └── bower@1.8.0
73 silly idealTree lib
73 silly idealTree └── bower@1.8.8
74 silly generateActionsToTake Starting
75 silly install generateActionsToTake
76 warn checkPermissions Missing write access to /usr/local/lib/node_modules/bower
77 warn checkPermissions Missing write access to /usr/local/lib/node_modules
78 silly rollbackFailedOptional Starting
79 silly rollbackFailedOptional Finishing
80 silly runTopLevelLifecycles Starting
81 silly runTopLevelLifecycles Finishing
82 silly install printInstalled
83 verbose stack Error: EACCES: permission denied, access '/usr/local/lib/node_modules/bower'
83 verbose stack     at Error (native)
84 verbose cwd /home/rails/boxfree-admin/admin
85 error Linux 4.4.0-1013-aws
86 error argv "/usr/bin/nodejs" "/usr/bin/npm" "i" "-g" "bower"
87 error node v4.2.6
88 error npm  v3.5.2
89 error path /usr/local/lib/node_modules/bower
90 error code EACCES
91 error errno -13
92 error syscall access
93 error Error: EACCES: permission denied, access '/usr/local/lib/node_modules/bower'
93 error     at Error (native)
93 error  { [Error: EACCES: permission denied, access '/usr/local/lib/node_modules/bower']
93 error   errno: -13,
93 error   code: 'EACCES',
93 error   syscall: 'access',
93 error   path: '/usr/local/lib/node_modules/bower' }
94 error Please try running this command again as root/Administrator.
95 verbose exit [ -13, true ]
